<?xml version="1.0" encoding="UTF-8"?>
<!-- Generated by org.testng.reporters.JUnitReportReporter -->
<testsuite hostname="SIMPL-INTG-014" failures="0" tests="1" name="tachyonTestScripts.CrownchiTestScript" time="56.427" errors="0" timestamp="2022-12-28T20:15:43 IST" skipped="0">
  <testcase classname="tachyonTestScripts.CrownchiTestScript" name="CrownchiMethodUsingPDPPageButtonApprovedScenario" time="56.427"/>
  <system-out/>
</testsuite> <!-- tachyonTestScripts.CrownchiTestScript -->
