<?xml version="1.0" encoding="UTF-8"?>
<!-- Generated by org.testng.reporters.JUnitReportReporter -->
<testsuite hostname="SIMPL-INTG-014" failures="0" tests="1" name="plTestScripts.Tata1MGTestScript" time="124.015" errors="0" timestamp="2023-01-10T10:49:12 IST" skipped="0">
  <testcase classname="plTestScripts.Tata1MGTestScript" name="Tata1mgTestMethodForSuccessTransactionScenario" time="124.015"/>
  <system-out/>
</testsuite> <!-- plTestScripts.Tata1MGTestScript -->
