<?xml version="1.0" encoding="UTF-8"?>
<!-- Generated by org.testng.reporters.JUnitReportReporter -->
<testsuite hostname="Rakshits-MacBook-Pro.local" failures="0" tests="1" name="testScripts.bigBasketTestScript" time="127.635" errors="0" timestamp="2022-11-30T11:04:09 IST" skipped="0">
  <testcase classname="testScripts.bigBasketTestScript" name="bigBasketTestMethodForSuccessTransactionScenario" time="127.635"/>
  <system-out/>
</testsuite> <!-- testScripts.bigBasketTestScript -->
