<?xml version="1.0" encoding="UTF-8"?>
<!-- Generated by org.testng.reporters.JUnitReportReporter -->
<testsuite hostname="SIMPL-INTG-014" failures="0" tests="1" name="tachyonTestScripts.RuseTestScript" time="53.384" errors="0" timestamp="2023-01-17T18:06:13 IST" skipped="0">
  <testcase classname="tachyonTestScripts.RuseTestScript" name="RuseMethodCTAButtonStatusCheck" time="53.384"/>
  <system-out/>
</testsuite> <!-- tachyonTestScripts.RuseTestScript -->
