<?xml version="1.0" encoding="UTF-8"?>
<!-- Generated by org.testng.reporters.JUnitReportReporter -->
<testsuite hostname="SIMPL-INTG-014" failures="0" tests="1" name="tachyonTestScripts.AdivedaNaturalTestScript" time="47.030" errors="0" timestamp="2023-01-20T14:04:15 IST" skipped="0">
  <testcase classname="tachyonTestScripts.AdivedaNaturalTestScript" name="AdivedaNaturalMethodCTAButtonStatusCheck" time="47.030"/>
  <system-out/>
</testsuite> <!-- tachyonTestScripts.AdivedaNaturalTestScript -->
