<?xml version="1.0" encoding="UTF-8"?>
<!-- Generated by org.testng.reporters.JUnitReportReporter -->
<testsuite hostname="Rakshits-MacBook-Pro.local" failures="0" tests="1" name="testScripts.NetMedsTestScript" time="56.380" errors="0" timestamp="2022-10-31T12:50:24 IST" skipped="0">
  <testcase classname="testScripts.NetMedsTestScript" name="NetMedsTestMethodForSuccessefulTransactionScenario" time="56.380"/>
  <system-out/>
</testsuite> <!-- testScripts.NetMedsTestScript -->
