<?xml version="1.0" encoding="UTF-8"?>
<!-- Generated by org.testng.reporters.JUnitReportReporter -->
<testsuite hostname="SIMPL-INTG-014" failures="0" tests="1" name="plTestScripts.MakeMyTripTestScript" time="76.708" errors="0" timestamp="2023-01-10T10:46:45 IST" skipped="0">
  <testcase classname="plTestScripts.MakeMyTripTestScript" name="MakemytripTestMethodSuccessTransactionScenario" time="76.708"/>
  <system-out/>
</testsuite> <!-- plTestScripts.MakeMyTripTestScript -->
