<?xml version="1.0" encoding="UTF-8"?>
<!-- Generated by org.testng.reporters.JUnitReportReporter -->
<testsuite hostname="SIMPL-INTG-014" failures="0" tests="1" name="tachyonTestScripts.UrbanPitaraTestScript" time="65.117" errors="0" timestamp="2023-01-06T20:45:43 IST" skipped="0">
  <testcase classname="tachyonTestScripts.UrbanPitaraTestScript" name="UrbanPitaraMethodPriceComparisonScenario" time="65.117"/>
  <system-out/>
</testsuite> <!-- tachyonTestScripts.UrbanPitaraTestScript -->
