<?xml version="1.0" encoding="UTF-8"?>
<!-- Generated by org.testng.reporters.JUnitReportReporter -->
<testsuite hostname="SIMPL-INTG-014" failures="0" tests="1" name="tachyonTestScripts.SeuteTestScript" time="56.916" errors="0" timestamp="2023-01-02T18:42:36 IST" skipped="0">
  <testcase classname="tachyonTestScripts.SeuteTestScript" name="SeuteMethodWrongOTPScenario" time="56.916"/>
  <system-out/>
</testsuite> <!-- tachyonTestScripts.SeuteTestScript -->
