<?xml version="1.0" encoding="UTF-8"?>
<!-- Generated by org.testng.reporters.JUnitReportReporter -->
<testsuite hostname="Rakshits-MacBook-Pro.local" failures="0" tests="1" name="testScripts.EatSureTestScript" time="65.300" errors="0" timestamp="2022-11-30T13:40:13 IST" skipped="0">
  <testcase classname="testScripts.EatSureTestScript" name="EatSureTestMethodForSuccessfullScenario" time="65.300"/>
  <system-out/>
</testsuite> <!-- testScripts.EatSureTestScript -->
