<?xml version="1.0" encoding="UTF-8"?>
<!-- Generated by org.testng.reporters.JUnitReportReporter -->
<testsuite hostname="Rakshits-MacBook-Pro.local" failures="0" tests="1" name="testScripts.EatSureTestScript" time="73.418" errors="0" timestamp="2022-10-20T13:35:51 IST" skipped="0">
  <testcase classname="testScripts.EatSureTestScript" name="eatSureTestMethodForSuccessfullScenario" time="73.418"/>
  <system-out/>
</testsuite> <!-- testScripts.EatSureTestScript -->
