<?xml version="1.0" encoding="UTF-8"?>
<!-- Generated by org.testng.reporters.JUnitReportReporter -->
<testsuite hostname="SIMPL-INTG-014" failures="0" tests="1" name="tachyonTestScripts.ChargingcableTestScript" time="28.404" errors="0" timestamp="2023-01-20T14:42:37 IST" skipped="0">
  <testcase classname="tachyonTestScripts.ChargingcableTestScript" name="ChargingcableMethodCTAButtonStatusCheck" time="28.404"/>
  <system-out/>
</testsuite> <!-- tachyonTestScripts.ChargingcableTestScript -->
