<?xml version="1.0" encoding="UTF-8"?>
<!-- Generated by org.testng.reporters.JUnitReportReporter -->
<testsuite hostname="Rakshits-MacBook-Pro.local" failures="0" tests="1" name="testScripts.FreshMenuTestScript" time="115.641" errors="0" timestamp="2022-12-21T11:41:45 IST" skipped="0">
  <testcase classname="testScripts.FreshMenuTestScript" name="FreshMenuTestMethodForSuccessfullScenario" time="115.641"/>
  <system-out/>
</testsuite> <!-- testScripts.FreshMenuTestScript -->
