<?xml version="1.0" encoding="UTF-8"?>
<!-- Generated by org.testng.reporters.JUnitReportReporter -->
<testsuite hostname="Rakshits-MacBook-Pro.local" failures="0" tests="1" name="testScripts.FreshToHomeTestScript" time="117.836" errors="0" timestamp="2022-11-30T12:14:59 IST" skipped="0">
  <testcase classname="testScripts.FreshToHomeTestScript" name="FreshToHomeTestMethodForSuccessTransactionScenario" time="117.836"/>
  <system-out/>
</testsuite> <!-- testScripts.FreshToHomeTestScript -->
