<?xml version="1.0" encoding="UTF-8"?>
<!-- Generated by org.testng.reporters.JUnitReportReporter -->
<testsuite hostname="SIMPL-INTG-014" failures="0" tests="1" name="plTestScripts.bigBasketTestScript" time="96.853" errors="0" timestamp="2023-01-10T10:42:37 IST" skipped="0">
  <testcase classname="plTestScripts.bigBasketTestScript" name="bigBasketTestMethodForSuccessTransactionScenario" time="96.853"/>
  <system-out/>
</testsuite> <!-- plTestScripts.bigBasketTestScript -->
