<?xml version="1.0" encoding="UTF-8"?>
<!-- Generated by org.testng.reporters.JUnitReportReporter -->
<testsuite hostname="SIMPL-INTG-014" failures="0" tests="1" name="tachyonTestScripts.FitSpireFitTestScript" time="38.282" errors="0" timestamp="2023-01-20T13:54:34 IST" skipped="0">
  <testcase classname="tachyonTestScripts.FitSpireFitTestScript" name="FitspireFitMethodCTAButtonStatusCheck" time="38.282"/>
  <system-out/>
</testsuite> <!-- tachyonTestScripts.FitSpireFitTestScript -->
