<?xml version="1.0" encoding="UTF-8"?>
<!-- Generated by org.testng.reporters.JUnitReportReporter -->
<testsuite hostname="SIMPL-INTG-014" failures="0" tests="1" name="tachyonTestScripts.SeuteTestScript" time="36.307" errors="0" timestamp="2023-01-20T13:55:40 IST" skipped="0">
  <testcase classname="tachyonTestScripts.SeuteTestScript" name="SeuteMethodCTAButtonStatusCheck" time="36.307"/>
  <system-out/>
</testsuite> <!-- tachyonTestScripts.SeuteTestScript -->
