<?xml version="1.0" encoding="UTF-8"?>
<!-- Generated by org.testng.reporters.JUnitReportReporter -->
<testsuite hostname="SIMPL-INTG-014" failures="0" tests="1" name="plTestScripts.FreshToHomeTestScript" time="123.091" errors="0" timestamp="2023-01-10T10:52:04 IST" skipped="0">
  <testcase classname="plTestScripts.FreshToHomeTestScript" name="FreshToHomeTestMethodForSuccessTransactionScenario" time="123.091"/>
  <system-out/>
</testsuite> <!-- plTestScripts.FreshToHomeTestScript -->
