<?xml version="1.0" encoding="UTF-8"?>
<!-- Generated by org.testng.reporters.JUnitReportReporter -->
<testsuite hostname="SIMPL-INTG-014" failures="0" tests="1" name="tachyonTestScripts.RuseTestScript" time="72.709" errors="0" timestamp="2022-12-28T19:34:01 IST" skipped="0">
  <testcase classname="tachyonTestScripts.RuseTestScript" name="RuseMethodUsingAjaxCartButtonApprovedScenario" time="72.709"/>
  <system-out/>
</testsuite> <!-- tachyonTestScripts.RuseTestScript -->
