<?xml version="1.0" encoding="UTF-8"?>
<!-- Generated by org.testng.reporters.JUnitReportReporter -->
<testsuite hostname="SIMPL-INTG-014" failures="0" tests="1" name="tachyonTestScripts.MizunoTestScript" time="46.049" errors="0" timestamp="2023-01-20T14:02:05 IST" skipped="0">
  <testcase classname="tachyonTestScripts.MizunoTestScript" name="MizunoMethodCTAButtonStatusCheck" time="46.049"/>
  <system-out/>
</testsuite> <!-- tachyonTestScripts.MizunoTestScript -->
