<?xml version="1.0" encoding="UTF-8"?>
<!-- Generated by org.testng.reporters.JUnitReportReporter -->
<testsuite hostname="SIMPL-INTG-014" failures="0" tests="1" name="tachyonTestScripts.AyasGoldTestScript" time="47.529" errors="0" timestamp="2023-01-20T14:07:07 IST" skipped="0">
  <testcase classname="tachyonTestScripts.AyasGoldTestScript" name="AyasGoldMethodCTAButtonStatusCheck" time="47.529"/>
  <system-out/>
</testsuite> <!-- tachyonTestScripts.AyasGoldTestScript -->
