<?xml version="1.0" encoding="UTF-8"?>
<!-- Generated by org.testng.reporters.JUnitReportReporter -->
<testsuite hostname="SIMPL-INTG-014" failures="0" tests="1" name="tachyonTestScripts.ZenvistapackagingsTestScript" time="31.527" errors="0" timestamp="2023-01-20T13:58:54 IST" skipped="0">
  <testcase classname="tachyonTestScripts.ZenvistapackagingsTestScript" name="ZenvistapackagingsMethodCTAButtonStatusCheck" time="31.527"/>
  <system-out/>
</testsuite> <!-- tachyonTestScripts.ZenvistapackagingsTestScript -->
