<?xml version="1.0" encoding="UTF-8"?>
<!-- Generated by org.testng.reporters.JUnitReportReporter -->
<testsuite hostname="Rakshits-MacBook-Pro.local" failures="0" tests="1" name="testScripts.FreshToHomeTestScript" time="119.376" errors="0" timestamp="2022-11-29T12:22:44 IST" skipped="0">
  <testcase classname="testScripts.FreshToHomeTestScript" name="FreshToHomeTestMethodForSuccessTransactionScenario" time="119.376"/>
  <system-out/>
</testsuite> <!-- testScripts.FreshToHomeTestScript -->
