<?xml version="1.0" encoding="UTF-8"?>
<!-- Generated by org.testng.reporters.JUnitReportReporter -->
<testsuite hostname="SIMPL-INTG-014" failures="0" tests="1" name="tachyonTestScripts.FridoTestScript" time="59.064" errors="0" timestamp="2022-12-27T16:05:12 IST" skipped="0">
  <testcase classname="tachyonTestScripts.FridoTestScript" name="FridoMethodWrongOTPScenario" time="59.064"/>
  <system-out/>
</testsuite> <!-- tachyonTestScripts.FridoTestScript -->
