<?xml version="1.0" encoding="UTF-8"?>
<!-- Generated by org.testng.reporters.JUnitReportReporter -->
<testsuite hostname="Rakshits-MacBook-Pro.local" failures="0" tests="1" name="testScripts.Tata1MGTestScript" time="118.204" errors="0" timestamp="2022-11-29T12:15:05 IST" skipped="0">
  <testcase classname="testScripts.Tata1MGTestScript" name="Tata1mgTestMethodForSuccessTransactionScenario" time="118.204"/>
  <system-out/>
</testsuite> <!-- testScripts.Tata1MGTestScript -->
