<?xml version="1.0" encoding="UTF-8"?>
<!-- Generated by org.testng.reporters.JUnitReportReporter -->
<testsuite hostname="SIMPL-INTG-014" failures="0" tests="1" name="tachyonTestScripts.KlaxonHomesTestScript" time="52.349" errors="0" timestamp="2022-12-27T17:45:18 IST" skipped="0">
  <testcase classname="tachyonTestScripts.KlaxonHomesTestScript" name="KlaxonHomesMethodUsingAjaxCartButtonApprovedScenario" time="52.349"/>
  <system-out/>
</testsuite> <!-- tachyonTestScripts.KlaxonHomesTestScript -->
