<?xml version="1.0" encoding="UTF-8"?>
<!-- Generated by org.testng.reporters.JUnitReportReporter -->
<testsuite hostname="Rakshits-MacBook-Pro.local" failures="0" tests="1" name="testScripts.DunzoTestScript" time="45.753" errors="0" timestamp="2022-10-20T13:23:09 IST" skipped="0">
  <testcase classname="testScripts.DunzoTestScript" name="dunzoTestMethodForSuccessTestScenario" time="45.753"/>
  <system-out/>
</testsuite> <!-- testScripts.DunzoTestScript -->
