<?xml version="1.0" encoding="UTF-8"?>
<!-- Generated by org.testng.reporters.JUnitReportReporter -->
<testsuite hostname="Rakshits-MacBook-Pro.local" failures="0" tests="1" name="testScripts.AbhiBusTestScript" time="65.622" errors="0" timestamp="2022-11-29T12:18:26 IST" skipped="0">
  <testcase classname="testScripts.AbhiBusTestScript" name="AbhiBusTestMethodForSuccessTransactionScenario" time="65.622"/>
  <system-out/>
</testsuite> <!-- testScripts.AbhiBusTestScript -->
