<?xml version="1.0" encoding="UTF-8"?>
<!-- Generated by org.testng.reporters.JUnitReportReporter -->
<testsuite hostname="SIMPL-INTG-014" failures="0" tests="1" name="plTestScripts.EatSureTestScript" time="69.350" errors="0" timestamp="2023-01-20T11:32:18 IST" skipped="0">
  <testcase classname="plTestScripts.EatSureTestScript" name="EatSureTestMethodForSuccessfullScenario" time="69.350"/>
  <system-out/>
</testsuite> <!-- plTestScripts.EatSureTestScript -->
