<?xml version="1.0" encoding="UTF-8"?>
<!-- Generated by org.testng.reporters.JUnitReportReporter -->
<testsuite hostname="SIMPL-INTG-014" failures="0" tests="1" name="plTestScripts.AbhiBusTestScript" time="73.286" errors="0" timestamp="2023-01-20T11:28:44 IST" skipped="0">
  <testcase classname="plTestScripts.AbhiBusTestScript" name="AbhiBusTestMethodForSuccessTransactionScenario" time="73.286"/>
  <system-out/>
</testsuite> <!-- plTestScripts.AbhiBusTestScript -->
