<?xml version="1.0" encoding="UTF-8"?>
<!-- Generated by org.testng.reporters.JUnitReportReporter -->
<testsuite hostname="SIMPL-INTG-014" failures="0" tests="1" name="tachyonTestScripts.RuheIndiaTestScript" time="65.752" errors="0" timestamp="2022-12-28T19:36:52 IST" skipped="0">
  <testcase classname="tachyonTestScripts.RuheIndiaTestScript" name="RuheIndiaMethodUsingPDPPageButtonApprovedScenario" time="65.752"/>
  <system-out/>
</testsuite> <!-- tachyonTestScripts.RuheIndiaTestScript -->
