<?xml version="1.0" encoding="UTF-8"?>
<!-- Generated by org.testng.reporters.JUnitReportReporter -->
<testsuite hostname="SIMPL-INTG-014" failures="0" tests="1" name="tachyonTestScripts.MarkMorphyTestScripts" time="61.153" errors="0" timestamp="2022-12-28T19:41:02 IST" skipped="0">
  <testcase classname="tachyonTestScripts.MarkMorphyTestScripts" name="MarkMorphyMethodUsingPDPPageButtonApprovedScenario" time="61.153"/>
  <system-out/>
</testsuite> <!-- tachyonTestScripts.MarkMorphyTestScripts -->
