<?xml version="1.0" encoding="UTF-8"?>
<!-- Generated by org.testng.reporters.JUnitReportReporter -->
<testsuite hostname="SIMPL-INTG-014" failures="0" tests="1" name="tachyonTestScripts.ZenvistapackagingsTestScript" time="41.383" errors="0" timestamp="2023-01-02T21:16:27 IST" skipped="0">
  <testcase classname="tachyonTestScripts.ZenvistapackagingsTestScript" name="ZenvistapackagingsMethodWrongOTPScenario" time="41.383"/>
  <system-out/>
</testsuite> <!-- tachyonTestScripts.ZenvistapackagingsTestScript -->
