<?xml version="1.0" encoding="UTF-8"?>
<!-- Generated by org.testng.reporters.JUnitReportReporter -->
<testsuite hostname="SIMPL-INTG-014" failures="0" tests="1" name="plTestScripts.DunzoTestScript" time="51.875" errors="0" timestamp="2023-01-20T11:18:39 IST" skipped="0">
  <testcase classname="plTestScripts.DunzoTestScript" name="DunzoTestMethodForSuccessTestScenario" time="51.875"/>
  <system-out/>
</testsuite> <!-- plTestScripts.DunzoTestScript -->
