<?xml version="1.0" encoding="UTF-8"?>
<!-- Generated by org.testng.reporters.JUnitReportReporter -->
<testsuite hostname="SIMPL-INTG-014" failures="0" tests="1" name="tachyonTestScripts.ThreePieceCompanyTestScript" time="47.773" errors="0" timestamp="2023-01-20T14:08:34 IST" skipped="0">
  <testcase classname="tachyonTestScripts.ThreePieceCompanyTestScript" name="ThreePieceCompanyMethodCTAButtonStatusCheck" time="47.773"/>
  <system-out/>
</testsuite> <!-- tachyonTestScripts.ThreePieceCompanyTestScript -->
