<?xml version="1.0" encoding="UTF-8"?>
<!-- Generated by org.testng.reporters.JUnitReportReporter -->
<testsuite hostname="SIMPL-INTG-014" failures="0" tests="1" name="tachyonTestScripts.WellVersedTestScript" time="133.868" errors="0" timestamp="2023-01-20T13:51:16 IST" skipped="0">
  <testcase classname="tachyonTestScripts.WellVersedTestScript" name="WellVersedMethodCTAButtonStatusCheck" time="133.868"/>
  <system-out/>
</testsuite> <!-- tachyonTestScripts.WellVersedTestScript -->
