<?xml version="1.0" encoding="UTF-8"?>
<!-- Generated by org.testng.reporters.JUnitReportReporter -->
<testsuite hostname="SIMPL-INTG-014" failures="0" tests="1" name="tachyonTestScripts.FridoTestScript" time="60.732" errors="0" timestamp="2023-01-20T13:52:52 IST" skipped="0">
  <testcase classname="tachyonTestScripts.FridoTestScript" name="FridoMethodCTAButtonStatusCheck" time="60.732"/>
  <system-out/>
</testsuite> <!-- tachyonTestScripts.FridoTestScript -->
