<?xml version="1.0" encoding="UTF-8"?>
<!-- Generated by org.testng.reporters.JUnitReportReporter -->
<testsuite hostname="SIMPL-INTG-014" failures="0" tests="1" name="tachyonTestScripts.FansArmyTestScript" time="44.521" errors="0" timestamp="2023-01-20T13:57:00 IST" skipped="0">
  <testcase classname="tachyonTestScripts.FansArmyTestScript" name="FansArmyMethodCTAButtonStatusCheck" time="44.521"/>
  <system-out/>
</testsuite> <!-- tachyonTestScripts.FansArmyTestScript -->
