<?xml version="1.0" encoding="UTF-8"?>
<!-- Generated by org.testng.reporters.JUnitReportReporter -->
<testsuite hostname="Rakshits-MacBook-Pro.local" failures="0" tests="1" name="testScripts.AbhiBusTestScript" time="83.883" errors="0" timestamp="2022-11-30T12:10:44 IST" skipped="0">
  <testcase classname="testScripts.AbhiBusTestScript" name="AbhiBusTestMethodForSuccessTransactionScenario" time="83.883"/>
  <system-out/>
</testsuite> <!-- testScripts.AbhiBusTestScript -->
