<?xml version="1.0" encoding="UTF-8"?>
<!-- Generated by org.testng.reporters.JUnitReportReporter -->
<testsuite hostname="Rakshits-MacBook-Pro.local" failures="0" tests="1" name="testScripts.FreshMenuTestScript" time="125.057" errors="0" timestamp="2022-11-29T12:34:53 IST" skipped="0">
  <testcase classname="testScripts.FreshMenuTestScript" name="FreshMenuTestMethodForSuccessfullScenario" time="125.057"/>
  <system-out/>
</testsuite> <!-- testScripts.FreshMenuTestScript -->
