<?xml version="1.0" encoding="UTF-8"?>
<!-- Generated by org.testng.reporters.JUnitReportReporter -->
<testsuite hostname="SIMPL-INTG-014" failures="0" tests="1" name="tachyonTestScripts.BonBenoTestScript" time="51.462" errors="0" timestamp="2023-01-20T14:00:23 IST" skipped="0">
  <testcase classname="tachyonTestScripts.BonBenoTestScript" name="BonBenoMethodCTAButtonStatusCheck" time="51.462"/>
  <system-out/>
</testsuite> <!-- tachyonTestScripts.BonBenoTestScript -->
