<?xml version="1.0" encoding="UTF-8"?>
<!-- Generated by org.testng.reporters.JUnitReportReporter -->
<testsuite hostname="SIMPL-INTG-014" failures="0" tests="1" name="tachyonTestScripts.FansArmyTestScript" time="57.975" errors="0" timestamp="2022-12-28T20:05:34 IST" skipped="0">
  <testcase classname="tachyonTestScripts.FansArmyTestScript" name="FansArmyMethodUsingAjaxCartButtonApprovedScenario" time="57.975"/>
  <system-out/>
</testsuite> <!-- tachyonTestScripts.FansArmyTestScript -->
