<?xml version="1.0" encoding="UTF-8"?>
<!-- Generated by org.testng.reporters.JUnitReportReporter -->
<testsuite hostname="SIMPL-INTG-014" failures="0" tests="1" name="tachyonTestScripts.MuseWearablesTestScript" time="31.716" errors="0" timestamp="2023-01-06T17:24:47 IST" skipped="0">
  <testcase classname="tachyonTestScripts.MuseWearablesTestScript" name="MuseWearablesMethodWrongOTPScenario" time="31.716"/>
  <system-out/>
</testsuite> <!-- tachyonTestScripts.MuseWearablesTestScript -->
