<?xml version="1.0" encoding="UTF-8"?>
<!-- Generated by org.testng.reporters.JUnitReportReporter -->
<testsuite hostname="SIMPL-INTG-014" failures="0" tests="1" name="tachyonTestScripts.ClassiCuirTestScript" time="39.316" errors="0" timestamp="2023-01-20T13:46:57 IST" skipped="0">
  <testcase classname="tachyonTestScripts.ClassiCuirTestScript" name="ClassicCuirMethodCTAButtonStatusCheck" time="39.316"/>
  <system-out/>
</testsuite> <!-- tachyonTestScripts.ClassiCuirTestScript -->
