<?xml version="1.0" encoding="UTF-8"?>
<!-- Generated by org.testng.reporters.JUnitReportReporter -->
<testsuite hostname="SIMPL-INTG-014" failures="0" tests="1" name="plTestScripts.TenderCutsTestScript" time="83.878" errors="0" timestamp="2023-01-10T10:53:52 IST" skipped="0">
  <testcase classname="plTestScripts.TenderCutsTestScript" name="TenderCutsTestMethodForSuccessTransactionScenario" time="83.878"/>
  <system-out/>
</testsuite> <!-- plTestScripts.TenderCutsTestScript -->
