<?xml version="1.0" encoding="UTF-8"?>
<!-- Generated by org.testng.reporters.JUnitReportReporter -->
<testsuite hostname="Rakshits-MacBook-Pro.local" failures="0" tests="1" name="testScripts.TenderCutsTestScript" time="79.550" errors="0" timestamp="2022-12-21T11:37:18 IST" skipped="0">
  <testcase classname="testScripts.TenderCutsTestScript" name="TenderCutsTestMethodForSuccessTransactionScenario" time="79.550"/>
  <system-out/>
</testsuite> <!-- testScripts.TenderCutsTestScript -->
