<?xml version="1.0" encoding="UTF-8"?>
<!-- Generated by org.testng.reporters.JUnitReportReporter -->
<testsuite hostname="Rakshits-MacBook-Pro.local" failures="0" tests="1" name="testScripts.bigBasketTestScript" time="122.066" errors="0" timestamp="2022-10-20T12:27:34 IST" skipped="0">
  <testcase classname="testScripts.bigBasketTestScript" name="bigBasketTestMethodForSuccessfullScenario" time="122.066"/>
  <system-out/>
</testsuite> <!-- testScripts.bigBasketTestScript -->
