<?xml version="1.0" encoding="UTF-8"?>
<!-- Generated by org.testng.reporters.JUnitReportReporter -->
<testsuite hostname="Rakshits-MacBook-Pro.local" failures="0" tests="1" name="testScripts.bigBasketTestScript" time="93.077" errors="0" timestamp="2022-12-21T11:14:13 IST" skipped="0">
  <testcase classname="testScripts.bigBasketTestScript" name="bigBasketTestMethodForSuccessTransactionScenario" time="93.077"/>
  <system-out/>
</testsuite> <!-- testScripts.bigBasketTestScript -->
