<?xml version="1.0" encoding="UTF-8"?>
<!-- Generated by org.testng.reporters.JUnitReportReporter -->
<testsuite hostname="Rakshits-MacBook-Pro.local" failures="0" tests="1" name="testScripts.DunzoTestScript" time="47.560" errors="0" timestamp="2022-11-30T14:31:06 IST" skipped="0">
  <testcase classname="testScripts.DunzoTestScript" name="DunzoTestMethodForSuccessTestScenario" time="47.560"/>
  <system-out/>
</testsuite> <!-- testScripts.DunzoTestScript -->
