<?xml version="1.0" encoding="UTF-8"?>
<!-- Generated by org.testng.reporters.JUnitReportReporter -->
<testsuite hostname="Rakshits-MacBook-Pro.local" failures="0" tests="1" name="testScripts.MakeMyTripTestScript" time="62.976" errors="0" timestamp="2022-12-21T11:18:47 IST" skipped="0">
  <testcase classname="testScripts.MakeMyTripTestScript" name="MakemytripTestMethodSuccessTransactionScenario" time="62.976"/>
  <system-out/>
</testsuite> <!-- testScripts.MakeMyTripTestScript -->
