<?xml version="1.0" encoding="UTF-8"?>
<!-- Generated by org.testng.reporters.JUnitReportReporter -->
<testsuite hostname="SIMPL-INTG-014" failures="0" tests="1" name="tachyonTestScripts.ScitronTestScript" time="49.696" errors="0" timestamp="2023-01-20T13:45:02 IST" skipped="0">
  <testcase classname="tachyonTestScripts.ScitronTestScript" name="ScitronMethodCTAButtonStatusCheck" time="49.696"/>
  <system-out/>
</testsuite> <!-- tachyonTestScripts.ScitronTestScript -->
