<?xml version="1.0" encoding="UTF-8"?>
<!-- Generated by org.testng.reporters.JUnitReportReporter -->
<testsuite hostname="SIMPL-INTG-014" failures="0" tests="1" name="tachyonTestScripts.MuseWearablesTestScript" time="50.657" errors="0" timestamp="2023-01-20T13:43:43 IST" skipped="0">
  <testcase classname="tachyonTestScripts.MuseWearablesTestScript" name="MuseWearablesMethodCTAButtonStatusCheck" time="50.657"/>
  <system-out/>
</testsuite> <!-- tachyonTestScripts.MuseWearablesTestScript -->
