<?xml version="1.0" encoding="UTF-8"?>
<!-- Generated by org.testng.reporters.JUnitReportReporter -->
<testsuite hostname="SIMPL-INTG-014" failures="0" tests="1" name="plTestScripts.FreshMenuTestScript" time="124.112" errors="0" timestamp="2023-01-20T11:34:46 IST" skipped="0">
  <testcase classname="plTestScripts.FreshMenuTestScript" name="FreshMenuTestMethodForSuccessfullScenario" time="124.112"/>
  <system-out/>
</testsuite> <!-- plTestScripts.FreshMenuTestScript -->
