<?xml version="1.0" encoding="UTF-8"?>
<!-- Generated by org.testng.reporters.JUnitReportReporter -->
<testsuite hostname="Rakshits-MacBook-Pro.local" failures="0" tests="1" name="testScripts.Tata1MGTestScript" time="125.440" errors="0" timestamp="2022-12-21T11:25:51 IST" skipped="0">
  <testcase classname="testScripts.Tata1MGTestScript" name="Tata1mgTestMethodForSuccessTransactionScenario" time="125.440"/>
  <system-out/>
</testsuite> <!-- testScripts.Tata1MGTestScript -->
