<?xml version="1.0" encoding="UTF-8"?>
<!-- Generated by org.testng.reporters.JUnitReportReporter -->
<testsuite hostname="SIMPL-INTG-014" failures="0" tests="1" name="plTestScripts.FreshToHomeTestScript" time="127.089" errors="0" timestamp="2023-01-20T11:27:13 IST" skipped="0">
  <testcase classname="plTestScripts.FreshToHomeTestScript" name="FreshToHomeTestMethodForSuccessTransactionScenario" time="127.089"/>
  <system-out/>
</testsuite> <!-- plTestScripts.FreshToHomeTestScript -->
