<?xml version="1.0" encoding="UTF-8"?>
<!-- Generated by org.testng.reporters.JUnitReportReporter -->
<testsuite hostname="Rakshits-MacBook-Pro.local" failures="0" tests="1" name="testScripts.basic" time="7.166" errors="0" timestamp="2022-11-29T17:42:56 IST" skipped="0">
  <testcase classname="testScripts.basic" name="AppiumTest" time="7.166"/>
  <system-out/>
</testsuite> <!-- testScripts.basic -->
