<?xml version="1.0" encoding="UTF-8"?>
<!-- Generated by org.testng.reporters.JUnitReportReporter -->
<testsuite hostname="Rakshits-MacBook-Pro.local" failures="0" tests="1" name="testScripts.JiomartTestScript" time="73.833" errors="0" timestamp="2022-11-23T16:29:12 IST" skipped="0">
  <testcase classname="testScripts.JiomartTestScript" name="jiomartTestMethodSuccessfullScenario" time="73.833"/>
  <system-out/>
</testsuite> <!-- testScripts.JiomartTestScript -->
