<?xml version="1.0" encoding="UTF-8"?>
<!-- Generated by org.testng.reporters.JUnitReportReporter -->
<testsuite hostname="SIMPL-INTG-014" failures="0" tests="1" name="tachyonTestScripts.ScitronTestScript" time="54.756" errors="0" timestamp="2022-12-26T13:51:11 IST" skipped="0">
  <testcase classname="tachyonTestScripts.ScitronTestScript" name="ScitroMethodWrongOTPScenario" time="54.756"/>
  <system-out/>
</testsuite> <!-- tachyonTestScripts.ScitronTestScript -->
