<?xml version="1.0" encoding="UTF-8"?>
<!-- Generated by org.testng.reporters.JUnitReportReporter -->
<testsuite hostname="SIMPL-INTG-014" failures="0" tests="1" name="tachyonTestScripts.MarkMorphyTestScript" time="40.509" errors="0" timestamp="2023-01-20T13:48:11 IST" skipped="0">
  <testcase classname="tachyonTestScripts.MarkMorphyTestScript" name="MarkMorphyMethodCTAButtonStatusCheck" time="40.509"/>
  <system-out/>
</testsuite> <!-- tachyonTestScripts.MarkMorphyTestScript -->
