<?xml version="1.0" encoding="UTF-8"?>
<!-- Generated by org.testng.reporters.JUnitReportReporter -->
<testsuite hostname="Rakshits-MacBook-Pro.local" failures="0" tests="1" name="testScripts.TenderCutsTestScript" time="75.858" errors="0" timestamp="2022-11-29T12:29:48 IST" skipped="0">
  <testcase classname="testScripts.TenderCutsTestScript" name="TenderCutsTestMethodForSuccessTransactionScenario" time="75.858"/>
  <system-out/>
</testsuite> <!-- testScripts.TenderCutsTestScript -->
