<?xml version="1.0" encoding="UTF-8"?>
<!-- Generated by org.testng.reporters.JUnitReportReporter -->
<testsuite hostname="SIMPL-INTG-014" failures="0" tests="1" name="plTestScripts.EatSureTestScript" time="73.423" errors="0" timestamp="2023-01-10T10:55:29 IST" skipped="0">
  <testcase classname="plTestScripts.EatSureTestScript" name="EatSureTestMethodForSuccessfullScenario" time="73.423"/>
  <system-out/>
</testsuite> <!-- plTestScripts.EatSureTestScript -->
