<?xml version="1.0" encoding="UTF-8"?>
<!-- Generated by org.testng.reporters.JUnitReportReporter -->
<testsuite hostname="Rakshits-MacBook-Pro.local" failures="0" tests="1" name="testScripts.FreshToHomeTestScript" time="36.910" errors="0" timestamp="2022-10-31T18:32:58 IST" skipped="0">
  <testcase classname="testScripts.FreshToHomeTestScript" name="freshToHomeTestMethodForSuccessfullScenario" time="36.910"/>
  <system-out/>
</testsuite> <!-- testScripts.FreshToHomeTestScript -->
