<?xml version="1.0" encoding="UTF-8"?>
<!-- Generated by org.testng.reporters.JUnitReportReporter -->
<testsuite hostname="Rakshits-MacBook-Pro.local" failures="0" tests="1" name="testScripts.Tata1MGTestScript" time="201.625" errors="0" timestamp="2022-11-30T11:20:10 IST" skipped="0">
  <testcase classname="testScripts.Tata1MGTestScript" name="Tata1mgTestMethodForSuccessTransactionScenario" time="201.625"/>
  <system-out/>
</testsuite> <!-- testScripts.Tata1MGTestScript -->
