<?xml version="1.0" encoding="UTF-8"?>
<!-- Generated by org.testng.reporters.JUnitReportReporter -->
<testsuite hostname="Rakshits-MacBook-Pro.local" failures="0" tests="1" name="testScripts.Basic" time="18.460" errors="0" timestamp="2022-12-14T13:55:06 IST" skipped="0">
  <testcase classname="testScripts.Basic" name="BasicMethod" time="18.460"/>
  <system-out/>
</testsuite> <!-- testScripts.Basic -->
