<?xml version="1.0" encoding="UTF-8"?>
<!-- Generated by org.testng.reporters.JUnitReportReporter -->
<testsuite hostname="SIMPL-INTG-014" failures="0" tests="1" name="tachyonTestScripts.ClassiCuirTestScript" time="54.251" errors="0" timestamp="2022-12-28T20:20:31 IST" skipped="0">
  <testcase classname="tachyonTestScripts.ClassiCuirTestScript" name="ClassiCuirMethodUsingPDPPageButtonApprovedScenario" time="54.251"/>
  <system-out/>
</testsuite> <!-- tachyonTestScripts.ClassiCuirTestScript -->
