<?xml version="1.0" encoding="UTF-8"?>
<!-- Generated by org.testng.reporters.JUnitReportReporter -->
<testsuite hostname="Rakshits-MacBook-Pro.local" failures="0" tests="1" name="testScripts.Tata1MGTestScript" time="118.050" errors="0" timestamp="2022-10-20T13:29:48 IST" skipped="0">
  <testcase classname="testScripts.Tata1MGTestScript" name="tata1mgTestMethodForSuccessefulTransactionScenario" time="118.050"/>
  <system-out/>
</testsuite> <!-- testScripts.Tata1MGTestScript -->
