<?xml version="1.0" encoding="UTF-8"?>
<!-- Generated by org.testng.reporters.JUnitReportReporter -->
<testsuite hostname="Rakshits-MacBook-Pro.local" failures="0" tests="1" name="testScripts.GoIbiboTestScript" time="47.789" errors="0" timestamp="2022-11-08T22:47:23 IST" skipped="0">
  <testcase classname="testScripts.GoIbiboTestScript" name="GoIbiboTestMethodForSuccessefulTransactionScenario" time="47.789"/>
  <system-out/>
</testsuite> <!-- testScripts.GoIbiboTestScript -->
