<?xml version="1.0" encoding="UTF-8"?>
<!-- Generated by org.testng.reporters.JUnitReportReporter -->
<testsuite hostname="Rakshits-MacBook-Pro.local" failures="0" tests="1" name="testScripts.NykaaTestScript" time="84.200" errors="0" timestamp="2022-11-18T02:45:57 IST" skipped="0">
  <testcase classname="testScripts.NykaaTestScript" name="NykaaTestMethodForSuccessfullScenario" time="84.200"/>
  <system-out/>
</testsuite> <!-- testScripts.NykaaTestScript -->
