<?xml version="1.0" encoding="UTF-8"?>
<!-- Generated by org.testng.reporters.JUnitReportReporter -->
<testsuite hostname="SIMPL-INTG-014" failures="0" tests="1" name="tachyonTestScripts.FitspireOnlineTestScript" time="53.620" errors="0" timestamp="2023-01-20T14:09:58 IST" skipped="0">
  <testcase classname="tachyonTestScripts.FitspireOnlineTestScript" name="FitspireOnlineMethodCTAButtonStatusCheck" time="53.620"/>
  <system-out/>
</testsuite> <!-- tachyonTestScripts.FitspireOnlineTestScript -->
