<?xml version="1.0" encoding="UTF-8"?>
<!-- Generated by org.testng.reporters.JUnitReportReporter -->
<testsuite hostname="Rakshits-MacBook-Pro.local" failures="0" tests="1" name="testScripts.MyJioTestScript" time="52.323" errors="0" timestamp="2022-11-17T23:32:22 IST" skipped="0">
  <testcase classname="testScripts.MyJioTestScript" name="MyJioTestMethodForSuccessfullScenario" time="52.323"/>
  <system-out/>
</testsuite> <!-- testScripts.MyJioTestScript -->
