<?xml version="1.0" encoding="UTF-8"?>
<!-- Generated by org.testng.reporters.JUnitReportReporter -->
<testsuite hostname="Rakshits-MacBook-Pro.local" failures="0" tests="1" name="testScripts.FreshMenuTestScript" time="103.320" errors="0" timestamp="2022-11-30T12:31:09 IST" skipped="0">
  <testcase classname="testScripts.FreshMenuTestScript" name="FreshMenuTestMethodForSuccessfullScenario" time="103.320"/>
  <system-out/>
</testsuite> <!-- testScripts.FreshMenuTestScript -->
