<?xml version="1.0" encoding="UTF-8"?>
<!-- Generated by org.testng.reporters.JUnitReportReporter -->
<testsuite hostname="SIMPL-INTG-014" failures="0" tests="1" name="tachyonTestScripts.UrbanPitaraTestScript" time="33.263" errors="0" timestamp="2023-01-20T13:42:10 IST" skipped="0">
  <testcase classname="tachyonTestScripts.UrbanPitaraTestScript" name="UrbanPitaraMethodCTAButtonStatusCheck" time="33.263"/>
  <system-out/>
</testsuite> <!-- tachyonTestScripts.UrbanPitaraTestScript -->
