<?xml version="1.0" encoding="UTF-8"?>
<!-- Generated by org.testng.reporters.JUnitReportReporter -->
<testsuite hostname="SIMPL-INTG-014" failures="0" tests="1" name="tachyonTestScripts_MWeb.MuseWearablesTestScript" time="33.992" errors="0" timestamp="2023-01-09T20:30:55 IST" skipped="0">
  <testcase classname="tachyonTestScripts_MWeb.MuseWearablesTestScript" name="MuseWearablesaMethodPriceComparisonScenario" time="33.992"/>
  <system-out/>
</testsuite> <!-- tachyonTestScripts_MWeb.MuseWearablesTestScript -->
