<?xml version="1.0" encoding="UTF-8"?>
<!-- Generated by org.testng.reporters.JUnitReportReporter -->
<testsuite hostname="Rakshits-MacBook-Pro.local" failures="0" tests="1" name="testScripts.TenderCutsTestScript" time="70.784" errors="0" timestamp="2022-10-20T13:39:29 IST" skipped="0">
  <testcase classname="testScripts.TenderCutsTestScript" name="TenderCutsTestMethodForSuccessefulTransactionScenario" time="70.784"/>
  <system-out/>
</testsuite> <!-- testScripts.TenderCutsTestScript -->
