<?xml version="1.0" encoding="UTF-8"?>
<!-- Generated by org.testng.reporters.JUnitReportReporter -->
<testsuite hostname="SIMPL-INTG-014" failures="0" tests="1" name="tachyonTestScripts_MWeb.UrbanPitaraTestScript" time="70.809" errors="0" timestamp="2023-01-09T14:52:20 IST" skipped="0">
  <testcase classname="tachyonTestScripts_MWeb.UrbanPitaraTestScript" name="UrbanPitaraMethodUsingPDPPageButtonApprovedScenario" time="70.809"/>
  <system-out/>
</testsuite> <!-- tachyonTestScripts_MWeb.UrbanPitaraTestScript -->
