<?xml version="1.0" encoding="UTF-8"?>
<!-- Generated by org.testng.reporters.JUnitReportReporter -->
<testsuite hostname="SIMPL-INTG-014" failures="0" tests="1" name="plTestScripts.bigBasketTestScript" time="101.176" errors="0" timestamp="2023-01-20T11:17:28 IST" skipped="0">
  <testcase classname="plTestScripts.bigBasketTestScript" name="bigBasketTestMethodForSuccessTransactionScenario" time="101.176"/>
  <system-out/>
</testsuite> <!-- plTestScripts.bigBasketTestScript -->
