<?xml version="1.0" encoding="UTF-8"?>
<!-- Generated by org.testng.reporters.JUnitReportReporter -->
<testsuite hostname="SIMPL-INTG-014" failures="0" tests="1" name="plTestScripts.FreshMenuTestScript" time="126.496" errors="0" timestamp="2023-01-10T10:59:37 IST" skipped="0">
  <testcase classname="plTestScripts.FreshMenuTestScript" name="FreshMenuTestMethodForSuccessfullScenario" time="126.496"/>
  <system-out/>
</testsuite> <!-- plTestScripts.FreshMenuTestScript -->
